Using pre-set license
Built from '2022.3/staging' branch; Version is '2022.3.11f1 (d00248457e15) revision 13632072'; Using compiler version '192829333'; Build Type 'Release'
OS: 'Windows 10  (10.0.18363) 64bit Professional' Language: 'en' Physical Memory: 12130 MB
BatchMode: 1, IsHumanControllingUs: 0, StartBugReporterOnCrash: 0, Is64bit: 1, IsPro: 1

COMMAND LINE ARGUMENTS:
D:\Editing\Unity\2022.3.11f1\Editor\Unity.exe
-adb2
-batchMode
-noUpm
-name
AssetImportWorker1
-projectPath
D:/Unity Project/Rhythm game
-logFile
Logs/AssetImportWorker1.log
-srvPort
50906
Successfully changed project path to: D:/Unity Project/Rhythm game
D:/Unity Project/Rhythm game
[UnityMemory] Configuration Parameters - Can be set up in boot.config
    "memorysetup-bucket-allocator-granularity=16"
    "memorysetup-bucket-allocator-bucket-count=8"
    "memorysetup-bucket-allocator-block-size=33554432"
    "memorysetup-bucket-allocator-block-count=8"
    "memorysetup-main-allocator-block-size=16777216"
    "memorysetup-thread-allocator-block-size=16777216"
    "memorysetup-gfx-main-allocator-block-size=16777216"
    "memorysetup-gfx-thread-allocator-block-size=16777216"
    "memorysetup-cache-allocator-block-size=4194304"
    "memorysetup-typetree-allocator-block-size=2097152"
    "memorysetup-profiler-bucket-allocator-granularity=16"
    "memorysetup-profiler-bucket-allocator-bucket-count=8"
    "memorysetup-profiler-bucket-allocator-block-size=33554432"
    "memorysetup-profiler-bucket-allocator-block-count=8"
    "memorysetup-profiler-allocator-block-size=16777216"
    "memorysetup-profiler-editor-allocator-block-size=1048576"
    "memorysetup-temp-allocator-size-main=16777216"
    "memorysetup-job-temp-allocator-block-size=2097152"
    "memorysetup-job-temp-allocator-block-size-background=1048576"
    "memorysetup-job-temp-allocator-reduction-small-platforms=262144"
    "memorysetup-allocator-temp-initial-block-size-main=262144"
    "memorysetup-allocator-temp-initial-block-size-worker=262144"
    "memorysetup-temp-allocator-size-background-worker=32768"
    "memorysetup-temp-allocator-size-job-worker=262144"
    "memorysetup-temp-allocator-size-preload-manager=33554432"
    "memorysetup-temp-allocator-size-nav-mesh-worker=65536"
    "memorysetup-temp-allocator-size-audio-worker=65536"
    "memorysetup-temp-allocator-size-cloud-worker=32768"
    "memorysetup-temp-allocator-size-gi-baking-worker=262144"
    "memorysetup-temp-allocator-size-gfx=262144"
Player connection [9964] Host "[IP] 192.168.0.119 [Port] 0 [Flags] 2 [Guid] 64265074 [EditorId] 64265074 [Version] 1048832 [Id] WindowsEditor(7,NexusLite-PC) [Debug] 1 [PackageName] WindowsEditor [ProjectName] Editor" joined multi-casting on [225.0.0.222:54997]...

Player connection [9964] Host "[IP] 192.168.0.119 [Port] 0 [Flags] 2 [Guid] 64265074 [EditorId] 64265074 [Version] 1048832 [Id] WindowsEditor(7,NexusLite-PC) [Debug] 1 [PackageName] WindowsEditor [ProjectName] Editor" joined alternative multi-casting on [225.0.0.222:34997]...

[Physics::Module] Initialized MultithreadedJobDispatcher with 7 workers.
Refreshing native plugins compatible for Editor in 5.56 ms, found 3 plugins.
Preloading 0 native plugins for Editor in 0.00 ms.
Initialize engine version: 2022.3.11f1 (d00248457e15)
[Subsystems] Discovering subsystems at path D:/Editing/Unity/2022.3.11f1/Editor/Data/Resources/UnitySubsystems
[Subsystems] Discovering subsystems at path D:/Unity Project/Rhythm game/Assets
GfxDevice: creating device client; threaded=0; jobified=0
Direct3D:
    Version:  Direct3D 11.0 [level 11.1]
    Renderer: NVIDIA GeForce GTX 1060 (ID=0x1c20)
    Vendor:   NVIDIA
    VRAM:     6044 MB
    Driver:   31.0.15.4584
Initialize mono
Mono path[0] = 'D:/Editing/Unity/2022.3.11f1/Editor/Data/Managed'
Mono path[1] = 'D:/Editing/Unity/2022.3.11f1/Editor/Data/MonoBleedingEdge/lib/mono/unityjit-win32'
Mono config path = 'D:/Editing/Unity/2022.3.11f1/Editor/Data/MonoBleedingEdge/etc'
Using monoOptions --debugger-agent=transport=dt_socket,embedding=1,server=y,suspend=n,address=127.0.0.1:56560
Begin MonoManager ReloadAssembly
Registering precompiled unity dll's ...
Register platform support module: D:/Editing/Unity/2022.3.11f1/Editor/Data/PlaybackEngines/WindowsStandaloneSupport/UnityEditor.WindowsStandalone.Extensions.dll
Registered in 0.003423 seconds.
- Loaded All Assemblies, in  0.425 seconds
Native extension for WindowsStandalone target not found
Mono: successfully reloaded assembly
- Finished resetting the current domain, in  0.380 seconds
Domain Reload Profiling: 805ms
	BeginReloadAssembly (124ms)
		ExecutionOrderSort (0ms)
		DisableScriptedObjects (0ms)
		BackupInstance (0ms)
		ReleaseScriptingObjects (0ms)
		CreateAndSetChildDomain (1ms)
	RebuildCommonClasses (37ms)
	RebuildNativeTypeToScriptingClass (13ms)
	initialDomainReloadingComplete (59ms)
	LoadAllAssembliesAndSetupDomain (191ms)
		LoadAssemblies (123ms)
		RebuildTransferFunctionScriptingTraits (0ms)
		AnalyzeDomain (189ms)
			TypeCache.Refresh (188ms)
				TypeCache.ScanAssembly (169ms)
			ScanForSourceGeneratedMonoScriptInfo (0ms)
			ResolveRequiredComponents (1ms)
	FinalizeReload (381ms)
		ReleaseScriptCaches (0ms)
		RebuildScriptCaches (0ms)
		SetupLoadedEditorAssemblies (282ms)
			LogAssemblyErrors (0ms)
			InitializePlatformSupportModulesInManaged (10ms)
			SetLoadedEditorAssemblies (9ms)
			RefreshPlugins (0ms)
			BeforeProcessingInitializeOnLoad (3ms)
			ProcessInitializeOnLoadAttributes (193ms)
			ProcessInitializeOnLoadMethodAttributes (66ms)
			AfterProcessingInitializeOnLoad (0ms)
			EditorAssembliesLoaded (0ms)
		ExecutionOrderSort2 (0ms)
		AwakeInstancesAfterBackupRestoration (0ms)
========================================================================
Worker process is ready to serve import requests
Begin MonoManager ReloadAssembly
- Loaded All Assemblies, in  0.849 seconds
Refreshing native plugins compatible for Editor in 8.17 ms, found 3 plugins.
Native extension for WindowsStandalone target not found
Package Manager log level set to [2]
[Package Manager] Server::EnsureServerProcessIsRunning -- launch failed, reason: Unity was launched with the -noUpm command-line argument
[Package Manager] UpmClient::Send -- Unable to send message (not connected to UPM process).
[Package Manager] Cannot connect to Unity Package Manager local server
Mono: successfully reloaded assembly
- Finished resetting the current domain, in  2.194 seconds
Domain Reload Profiling: 3044ms
	BeginReloadAssembly (158ms)
		ExecutionOrderSort (0ms)
		DisableScriptedObjects (7ms)
		BackupInstance (0ms)
		ReleaseScriptingObjects (0ms)
		CreateAndSetChildDomain (23ms)
	RebuildCommonClasses (34ms)
	RebuildNativeTypeToScriptingClass (12ms)
	initialDomainReloadingComplete (38ms)
	LoadAllAssembliesAndSetupDomain (609ms)
		LoadAssemblies (266ms)
		RebuildTransferFunctionScriptingTraits (0ms)
		AnalyzeDomain (427ms)
			TypeCache.Refresh (264ms)
				TypeCache.ScanAssembly (209ms)
			ScanForSourceGeneratedMonoScriptInfo (109ms)
			ResolveRequiredComponents (49ms)
	FinalizeReload (2195ms)
		ReleaseScriptCaches (0ms)
		RebuildScriptCaches (0ms)
		SetupLoadedEditorAssemblies (1510ms)
			LogAssemblyErrors (0ms)
			InitializePlatformSupportModulesInManaged (21ms)
			SetLoadedEditorAssemblies (19ms)
			RefreshPlugins (0ms)
			BeforeProcessingInitializeOnLoad (324ms)
			ProcessInitializeOnLoadAttributes (1080ms)
			ProcessInitializeOnLoadMethodAttributes (64ms)
			AfterProcessingInitializeOnLoad (2ms)
			EditorAssembliesLoaded (0ms)
		ExecutionOrderSort2 (0ms)
		AwakeInstancesAfterBackupRestoration (6ms)
Launched and connected shader compiler UnityShaderCompiler.exe after 0.04 seconds
Refreshing native plugins compatible for Editor in 1.89 ms, found 3 plugins.
Preloading 0 native plugins for Editor in 0.00 ms.
Unloading 4919 Unused Serialized files (Serialized files now loaded: 0)
Unloading 75 unused Assets / (0.8 MB). Loaded Objects now: 5369.
Memory consumption went from 200.5 MB to 199.8 MB.
Total: 4.013500 ms (FindLiveObjects: 0.412000 ms CreateObjectMapping: 0.421600 ms MarkObjects: 2.763600 ms  DeleteObjects: 0.415300 ms)

AssetImportParameters requested are different than current active one (requested -> active):
  custom:container-demuxer-ogg: 62fdf1f143b41e24485cea50d1cbac27 -> 
  custom:video-decoder-ogg-theora: a1e56fd34408186e4bbccfd4996cb3dc -> 
  custom:framework-win-MediaFoundation: 216162199b28c13a410421893ffa2e32 -> 
  custom:container-demuxer-webm: 4f35f7cbe854078d1ac9338744f61a02 -> 
  custom:container-muxer-webm: aa71ff27fc2769a1b78a27578f13a17b -> 
  custom:video-decoder-webm-vp8: 9c59270c3fd7afecdb556c50c9e8de78 -> 
  custom:AudioImporter_EditorPlatform: d09bf68614088b80899f8185d706f6e7 -> 
  custom:video-encoder-webm-vp8: eb34c28f22e8b96e1ab97ce403110664 -> 
  custom:audio-decoder-ogg-vorbis: bf7c407c2cedff20999df2af8eb42d56 -> 
  custom:audio-encoder-webm-vorbis: bf7c407c2cedff20999df2af8eb42d56 -> 
========================================================================
Received Import Request.
  Time since last request: 2134.815562 seconds.
  path: Assets/Rhythm Game Tutorial/Script/ButtonController.cs
  artifactKey: Guid(16523c8fc10f24649a40a1c9434a75a7) Importer(815301076,1909f56bfc062723c751e8b465ee728b)
Start importing Assets/Rhythm Game Tutorial/Script/ButtonController.cs using Guid(16523c8fc10f24649a40a1c9434a75a7) Importer(815301076,1909f56bfc062723c751e8b465ee728b)  -> (artifact id: '54946d9b45eff27a488e3091aa9ea440') in 0.002322 seconds
Number of updated asset objects reloaded before import = 0
Number of asset objects unloaded after import = 0
========================================================================
Received Import Request.
  Time since last request: 0.000053 seconds.
  path: Assets/Rhythm Game Tutorial
  artifactKey: Guid(cb776073f4c3a414cbe09a5890fb6d67) Importer(815301076,1909f56bfc062723c751e8b465ee728b)
Start importing Assets/Rhythm Game Tutorial using Guid(cb776073f4c3a414cbe09a5890fb6d67) Importer(815301076,1909f56bfc062723c751e8b465ee728b)  -> (artifact id: '6f1dec03aef03100388adf60253d6b26') in 0.000455 seconds
Number of updated asset objects reloaded before import = 0
Number of asset objects unloaded after import = 0
========================================================================
Received Prepare
Refreshing native plugins compatible for Editor in 1.84 ms, found 3 plugins.
Preloading 0 native plugins for Editor in 0.00 ms.
Unloading 12 Unused Serialized files (Serialized files now loaded: 0)
Unloading 12 unused Assets / (0.7 MB). Loaded Objects now: 5369.
Memory consumption went from 102.9 MB to 102.2 MB.
Total: 3.671500 ms (FindLiveObjects: 0.357800 ms CreateObjectMapping: 0.307300 ms MarkObjects: 2.728400 ms  DeleteObjects: 0.277200 ms)

Prepare: number of updated asset objects reloaded= 0
AssetImportParameters requested are different than current active one (requested -> active):
  custom:container-demuxer-ogg: 62fdf1f143b41e24485cea50d1cbac27 -> 
  custom:video-decoder-ogg-theora: a1e56fd34408186e4bbccfd4996cb3dc -> 
  custom:framework-win-MediaFoundation: 216162199b28c13a410421893ffa2e32 -> 
  custom:CustomObjectIndexerAttribute: a3ef5dd2817f97addfee359851a9dba5 -> 
  custom:container-demuxer-webm: 4f35f7cbe854078d1ac9338744f61a02 -> 
  custom:container-muxer-webm: aa71ff27fc2769a1b78a27578f13a17b -> 
  custom:video-decoder-webm-vp8: 9c59270c3fd7afecdb556c50c9e8de78 -> 
  custom:SearchIndexIgnoredProperties: e643bd26f0fe6173181afceb89e7c659 -> 
  custom:AudioImporter_EditorPlatform: d09bf68614088b80899f8185d706f6e7 -> 
  custom:video-encoder-webm-vp8: eb34c28f22e8b96e1ab97ce403110664 -> 
  custom:audio-decoder-ogg-vorbis: bf7c407c2cedff20999df2af8eb42d56 -> 
  custom:audio-encoder-webm-vorbis: bf7c407c2cedff20999df2af8eb42d56 -> 
========================================================================
Received Import Request.
  Time since last request: 139.958526 seconds.
  path: Assets/UniversalRenderPipelineGlobalSettings.asset
  artifactKey: Guid(18dc0cd2c080841dea60987a38ce93fa) Importer(2089858483,0ecaa5967403d082aa24f35e1b516d23)
Start importing Assets/UniversalRenderPipelineGlobalSettings.asset using Guid(18dc0cd2c080841dea60987a38ce93fa) Importer(2089858483,0ecaa5967403d082aa24f35e1b516d23) Generated GUIDs only implemented for interfaces!
 -> (artifact id: '28bb9b0565978789d037d98f28407eca') in 0.184424 seconds
Number of updated asset objects reloaded before import = 0
Number of asset objects unloaded after import = 1
========================================================================
Received Import Request.
  Time since last request: 0.000019 seconds.
  path: Assets/Settings/URP-Performant-Renderer.asset
  artifactKey: Guid(707360a9c581a4bd7aa53bfeb1429f71) Importer(2089858483,0ecaa5967403d082aa24f35e1b516d23)
Start importing Assets/Settings/URP-Performant-Renderer.asset using Guid(707360a9c581a4bd7aa53bfeb1429f71) Importer(2089858483,0ecaa5967403d082aa24f35e1b516d23) Generated GUIDs only implemented for interfaces!
 -> (artifact id: '8fcf0fe1111650e467dc968e199d8120') in 0.023959 seconds
Number of updated asset objects reloaded before import = 0
Number of asset objects unloaded after import = 1
========================================================================
Received Import Request.
  Time since last request: 0.000021 seconds.
  path: Assets/_Assets/Materials/StoveRedGlow.mat
  artifactKey: Guid(874e968446c933942a2e13d2e840aa73) Importer(2089858483,0ecaa5967403d082aa24f35e1b516d23)
Start importing Assets/_Assets/Materials/StoveRedGlow.mat using Guid(874e968446c933942a2e13d2e840aa73) Importer(2089858483,0ecaa5967403d082aa24f35e1b516d23) Generated GUIDs only implemented for interfaces!
 -> (artifact id: '9ff02872e1c970e74c4d5f70a1c32ef0') in 0.023355 seconds
Number of updated asset objects reloaded before import = 0
Number of asset objects unloaded after import = 1
========================================================================
Received Import Request.
  Time since last request: 0.000015 seconds.
  path: Assets/_Assets/Textures/Tick_Border.png
  artifactKey: Guid(6c562ac6d3e47ff4794df31886c6d864) Importer(2089858483,0ecaa5967403d082aa24f35e1b516d23)
Start importing Assets/_Assets/Textures/Tick_Border.png using Guid(6c562ac6d3e47ff4794df31886c6d864) Importer(2089858483,0ecaa5967403d082aa24f35e1b516d23) Generated GUIDs only implemented for interfaces!
 -> (artifact id: 'f5fc56873005fb341cde81ffdeaebc79') in 0.053416 seconds
Number of updated asset objects reloaded before import = 0
Number of asset objects unloaded after import = 3
========================================================================
Received Import Request.
  Time since last request: 0.000016 seconds.
  path: Assets/_Assets/Materials/Trail.mat
  artifactKey: Guid(776cc3ef592a836479bea3edeefd0106) Importer(2089858483,0ecaa5967403d082aa24f35e1b516d23)
Start importing Assets/_Assets/Materials/Trail.mat using Guid(776cc3ef592a836479bea3edeefd0106) Importer(2089858483,0ecaa5967403d082aa24f35e1b516d23) Generated GUIDs only implemented for interfaces!
 -> (artifact id: 'd0edd57e02f95f50a94b3f8fc6398f50') in 0.004513 seconds
Number of updated asset objects reloaded before import = 0
Number of asset objects unloaded after import = 1
========================================================================
Received Import Request.
  Time since last request: 0.000013 seconds.
  path: Assets/_Assets/Meshes/Frying Pan.fbx
  artifactKey: Guid(5cef870fc734b2147b112552f3ff53e4) Importer(2089858483,0ecaa5967403d082aa24f35e1b516d23)
Start importing Assets/_Assets/Meshes/Frying Pan.fbx using Guid(5cef870fc734b2147b112552f3ff53e4) Importer(2089858483,0ecaa5967403d082aa24f35e1b516d23) Generated GUIDs only implemented for interfaces!
 -> (artifact id: 'f450d89a251ba6449879331dbbb49e8e') in 0.064470 seconds
Number of updated asset objects reloaded before import = 0
Number of asset objects unloaded after import = 10
========================================================================
Received Import Request.
  Time since last request: 0.000017 seconds.
  path: Assets/Rhythm Game Tutorial/Graphics/Buttons_Red.png
  artifactKey: Guid(1bbda9210988dfd4db252a09838d254f) Importer(2089858483,0ecaa5967403d082aa24f35e1b516d23)
Start importing Assets/Rhythm Game Tutorial/Graphics/Buttons_Red.png using Guid(1bbda9210988dfd4db252a09838d254f) Importer(2089858483,0ecaa5967403d082aa24f35e1b516d23) Generated GUIDs only implemented for interfaces!
 -> (artifact id: 'b8654a933766e75d3ac22fc947c6a315') in 0.018019 seconds
Number of updated asset objects reloaded before import = 0
Number of asset objects unloaded after import = 3
========================================================================
Received Import Request.
  Time since last request: 0.000022 seconds.
  path: Assets/_Assets/Meshes/Kitchen Counter.fbx
  artifactKey: Guid(e3d496c6436b0cf4a8eef3d8865e8639) Importer(2089858483,0ecaa5967403d082aa24f35e1b516d23)
Start importing Assets/_Assets/Meshes/Kitchen Counter.fbx using Guid(e3d496c6436b0cf4a8eef3d8865e8639) Importer(2089858483,0ecaa5967403d082aa24f35e1b516d23) Generated GUIDs only implemented for interfaces!
 -> (artifact id: '0ccedb529e48b3236e8b8bedd5b11a0f') in 0.032713 seconds
Number of updated asset objects reloaded before import = 0
Number of asset objects unloaded after import = 10
========================================================================
Received Import Request.
  Time since last request: 0.000022 seconds.
  path: Assets/_Assets/Materials/PlayerBody.mat
  artifactKey: Guid(dba792b574c201a4eabfe983aa82805a) Importer(2089858483,0ecaa5967403d082aa24f35e1b516d23)
Start importing Assets/_Assets/Materials/PlayerBody.mat using Guid(dba792b574c201a4eabfe983aa82805a) Importer(2089858483,0ecaa5967403d082aa24f35e1b516d23) Generated GUIDs only implemented for interfaces!
 -> (artifact id: 'b8641698850926479dc4d3e88263966d') in 0.004008 seconds
Number of updated asset objects reloaded before import = 0
Number of asset objects unloaded after import = 1
========================================================================
Received Import Request.
  Time since last request: 0.000015 seconds.
  path: Assets/Settings/SampleSceneProfile.asset
  artifactKey: Guid(a6560a915ef98420e9faacc1c7438823) Importer(2089858483,0ecaa5967403d082aa24f35e1b516d23)
Start importing Assets/Settings/SampleSceneProfile.asset using Guid(a6560a915ef98420e9faacc1c7438823) Importer(2089858483,0ecaa5967403d082aa24f35e1b516d23) Generated GUIDs only implemented for interfaces!
 -> (artifact id: 'a72621d742f8768818cc1f070b6fb08e') in 0.010281 seconds
Number of updated asset objects reloaded before import = 0
Number of asset objects unloaded after import = 4
========================================================================
Received Import Request.
  Time since last request: 0.000032 seconds.
  path: Assets/TutorialInfo/Layout.wlt
  artifactKey: Guid(eabc9546105bf4accac1fd62a63e88e6) Importer(2089858483,0ecaa5967403d082aa24f35e1b516d23)
Start importing Assets/TutorialInfo/Layout.wlt using Guid(eabc9546105bf4accac1fd62a63e88e6) Importer(2089858483,0ecaa5967403d082aa24f35e1b516d23) Generated GUIDs only implemented for interfaces!
 -> (artifact id: '0ad094a308a913bde4edc72584b1f0a7') in 0.002651 seconds
Number of updated asset objects reloaded before import = 0
Number of asset objects unloaded after import = 1
========================================================================
Received Import Request.
  Time since last request: 0.000097 seconds.
  path: Assets/_Assets/Meshes/Textures/Kitchen Counter_Blue_AlbedoTransparency.png
  artifactKey: Guid(52971cd5568d3da44a2b9038404e1573) Importer(2089858483,0ecaa5967403d082aa24f35e1b516d23)
Start importing Assets/_Assets/Meshes/Textures/Kitchen Counter_Blue_AlbedoTransparency.png using Guid(52971cd5568d3da44a2b9038404e1573) Importer(2089858483,0ecaa5967403d082aa24f35e1b516d23) Generated GUIDs only implemented for interfaces!
 -> (artifact id: '250014971a115d06ce8d29135133d89d') in 0.017156 seconds
Number of updated asset objects reloaded before import = 0
Number of asset objects unloaded after import = 1
========================================================================
Received Import Request.
  Time since last request: 0.000017 seconds.
  path: Assets/_Assets/Meshes/Textures/Knife_MetallicSmoothness.png
  artifactKey: Guid(9445b38d789e798418c73651d7f0f111) Importer(2089858483,0ecaa5967403d082aa24f35e1b516d23)
Start importing Assets/_Assets/Meshes/Textures/Knife_MetallicSmoothness.png using Guid(9445b38d789e798418c73651d7f0f111) Importer(2089858483,0ecaa5967403d082aa24f35e1b516d23) Generated GUIDs only implemented for interfaces!
 -> (artifact id: 'bc2008baa725c4f9a7b59301a80bc14e') in 0.017504 seconds
Number of updated asset objects reloaded before import = 0
Number of asset objects unloaded after import = 1
========================================================================
Received Import Request.
  Time since last request: 0.000016 seconds.
  path: Assets/_Assets/Meshes/Textures/Chopping board_AlbedoTransparency.png
  artifactKey: Guid(e59aa20c823d9d641b8fd3ada4d1f6cb) Importer(2089858483,0ecaa5967403d082aa24f35e1b516d23)
Start importing Assets/_Assets/Meshes/Textures/Chopping board_AlbedoTransparency.png using Guid(e59aa20c823d9d641b8fd3ada4d1f6cb) Importer(2089858483,0ecaa5967403d082aa24f35e1b516d23) Generated GUIDs only implemented for interfaces!
 -> (artifact id: '3cf0e827a1e4b2bd6b07799cd2c273e3') in 0.024974 seconds
Number of updated asset objects reloaded before import = 0
Number of asset objects unloaded after import = 1
========================================================================
Received Import Request.
  Time since last request: 0.000015 seconds.
  path: Assets/_Assets/Textures/ButtonBackground.png
  artifactKey: Guid(a4a30a507a1311a438ecf1507369b28d) Importer(2089858483,0ecaa5967403d082aa24f35e1b516d23)
Start importing Assets/_Assets/Textures/ButtonBackground.png using Guid(a4a30a507a1311a438ecf1507369b28d) Importer(2089858483,0ecaa5967403d082aa24f35e1b516d23) Generated GUIDs only implemented for interfaces!
 -> (artifact id: 'b1ee57ff12c16e00d27642eae0500c89') in 0.017773 seconds
Number of updated asset objects reloaded before import = 0
Number of asset objects unloaded after import = 3
========================================================================
Received Import Request.
  Time since last request: 0.000018 seconds.
  path: Assets/_Assets/Meshes/Counter_hole.fbx
  artifactKey: Guid(eb2eec5d81be49b4b95cf99cf6e91f48) Importer(2089858483,0ecaa5967403d082aa24f35e1b516d23)
Start importing Assets/_Assets/Meshes/Counter_hole.fbx using Guid(eb2eec5d81be49b4b95cf99cf6e91f48) Importer(2089858483,0ecaa5967403d082aa24f35e1b516d23) Generated GUIDs only implemented for interfaces!
 -> (artifact id: '9315792feeb606f7cec7f655003ad698') in 0.021880 seconds
Number of updated asset objects reloaded before import = 0
Number of asset objects unloaded after import = 10
========================================================================
Received Import Request.
  Time since last request: 0.000018 seconds.
  path: Assets/_Assets/Meshes/Textures/Bread_AlbedoTransparency.png
  artifactKey: Guid(4a2ed721b7506a743bde7e52fafb3aff) Importer(2089858483,0ecaa5967403d082aa24f35e1b516d23)
Start importing Assets/_Assets/Meshes/Textures/Bread_AlbedoTransparency.png using Guid(4a2ed721b7506a743bde7e52fafb3aff) Importer(2089858483,0ecaa5967403d082aa24f35e1b516d23) Generated GUIDs only implemented for interfaces!
 -> (artifact id: '5b9eea7f883474cd3494bb76eb076c21') in 0.027503 seconds
Number of updated asset objects reloaded before import = 0
Number of asset objects unloaded after import = 1
========================================================================
Received Import Request.
  Time since last request: 0.000024 seconds.
  path: Assets/_Assets/Meshes/Textures/Cheese_AlbedoTransparency.png
  artifactKey: Guid(a25dd164e583fe249a15953d6a28433b) Importer(2089858483,0ecaa5967403d082aa24f35e1b516d23)
Start importing Assets/_Assets/Meshes/Textures/Cheese_AlbedoTransparency.png using Guid(a25dd164e583fe249a15953d6a28433b) Importer(2089858483,0ecaa5967403d082aa24f35e1b516d23) Generated GUIDs only implemented for interfaces!
 -> (artifact id: '9db9198bad2de04b0bf4b29c58dd0595') in 0.016271 seconds
Number of updated asset objects reloaded before import = 0
Number of asset objects unloaded after import = 1
========================================================================
Received Import Request.
  Time since last request: 0.000014 seconds.
  path: Assets/_Assets/Meshes/Cabbage.fbx
  artifactKey: Guid(01e6e32335b88f244a146af71bb8d6ea) Importer(2089858483,0ecaa5967403d082aa24f35e1b516d23)
Start importing Assets/_Assets/Meshes/Cabbage.fbx using Guid(01e6e32335b88f244a146af71bb8d6ea) Importer(2089858483,0ecaa5967403d082aa24f35e1b516d23) Generated GUIDs only implemented for interfaces!
 -> (artifact id: '50742f8ddfe97c266825f9934cc81732') in 0.033304 seconds
Number of updated asset objects reloaded before import = 0
Number of asset objects unloaded after import = 10
========================================================================
Received Import Request.
  Time since last request: 0.000021 seconds.
  path: Assets/_Assets/Meshes/Plate.fbx
  artifactKey: Guid(c044efb604a1c2d4ab08cedf8f93efbd) Importer(2089858483,0ecaa5967403d082aa24f35e1b516d23)
Start importing Assets/_Assets/Meshes/Plate.fbx using Guid(c044efb604a1c2d4ab08cedf8f93efbd) Importer(2089858483,0ecaa5967403d082aa24f35e1b516d23) Generated GUIDs only implemented for interfaces!
 -> (artifact id: '5b938dce6374cca647c9c3de72aa3ad1') in 0.020503 seconds
Number of updated asset objects reloaded before import = 0
Number of asset objects unloaded after import = 10
========================================================================
Received Import Request.
  Time since last request: 0.000016 seconds.
  path: Assets/Rhythm Game Tutorial/Graphics/Thumbs.db
  artifactKey: Guid(5e1254e24adfddb4fb21fcb23c336657) Importer(2089858483,0ecaa5967403d082aa24f35e1b516d23)
Start importing Assets/Rhythm Game Tutorial/Graphics/Thumbs.db using Guid(5e1254e24adfddb4fb21fcb23c336657) Importer(2089858483,0ecaa5967403d082aa24f35e1b516d23) Generated GUIDs only implemented for interfaces!
 -> (artifact id: '87ea1eb80b67c3fea06750fecc0c7bc4') in 0.003336 seconds
Number of updated asset objects reloaded before import = 0
Number of asset objects unloaded after import = 1
========================================================================
Received Import Request.
  Time since last request: 0.000017 seconds.
  path: Assets/_Assets/Animations/ContainerCounterOpenClose.anim
  artifactKey: Guid(f8c1f20930651254f9dad32e4686d44d) Importer(2089858483,0ecaa5967403d082aa24f35e1b516d23)
Start importing Assets/_Assets/Animations/ContainerCounterOpenClose.anim using Guid(f8c1f20930651254f9dad32e4686d44d) Importer(2089858483,0ecaa5967403d082aa24f35e1b516d23) Generated GUIDs only implemented for interfaces!
 -> (artifact id: '473b67079e7b258da72959605f7b6de1') in 0.011677 seconds
Number of updated asset objects reloaded before import = 0
Number of asset objects unloaded after import = 1
========================================================================
Received Import Request.
  Time since last request: 0.000017 seconds.
  path: Assets/_Assets/KitchenChaos_COMPLETE_PROJECT.txt
  artifactKey: Guid(843489722cca499459390e8171d988bb) Importer(2089858483,0ecaa5967403d082aa24f35e1b516d23)
Start importing Assets/_Assets/KitchenChaos_COMPLETE_PROJECT.txt using Guid(843489722cca499459390e8171d988bb) Importer(2089858483,0ecaa5967403d082aa24f35e1b516d23) Generated GUIDs only implemented for interfaces!
 -> (artifact id: '5f033f518871f6fd09c7f1d6d91e5526') in 0.005312 seconds
Number of updated asset objects reloaded before import = 0
Number of asset objects unloaded after import = 1
========================================================================
Received Import Request.
  Time since last request: 0.000021 seconds.
  path: Assets/Scenes/Level Selection.unity
  artifactKey: Guid(727697e45d1363247a8d43226f128356) Importer(2089858483,0ecaa5967403d082aa24f35e1b516d23)
Start importing Assets/Scenes/Level Selection.unity using Guid(727697e45d1363247a8d43226f128356) Importer(2089858483,0ecaa5967403d082aa24f35e1b516d23) Generated GUIDs only implemented for interfaces!
 -> (artifact id: '0a85e5b61dec840406b719bec12e9016') in 0.002839 seconds
Number of updated asset objects reloaded before import = 0
Number of asset objects unloaded after import = 1
========================================================================
Received Import Request.
  Time since last request: 0.000027 seconds.
  path: Assets/Rhythm Game Tutorial/Prefabs/PerfectEffect.prefab
  artifactKey: Guid(e0a37db9e7325364ebc1f03057380d72) Importer(2089858483,0ecaa5967403d082aa24f35e1b516d23)
Start importing Assets/Rhythm Game Tutorial/Prefabs/PerfectEffect.prefab using Guid(e0a37db9e7325364ebc1f03057380d72) Importer(2089858483,0ecaa5967403d082aa24f35e1b516d23) Generated GUIDs only implemented for interfaces!
 -> (artifact id: 'a75bfb6f8003a716a672586f3c7db17f') in 0.027770 seconds
Number of updated asset objects reloaded before import = 0
Number of asset objects unloaded after import = 12
========================================================================
Received Import Request.
  Time since last request: 0.000017 seconds.
  path: Assets/Rhythm Game Tutorial/Script/EffectObject.cs
  artifactKey: Guid(337fc8e3f0e5edd44ae53ad777e9558e) Importer(2089858483,0ecaa5967403d082aa24f35e1b516d23)
Start importing Assets/Rhythm Game Tutorial/Script/EffectObject.cs using Guid(337fc8e3f0e5edd44ae53ad777e9558e) Importer(2089858483,0ecaa5967403d082aa24f35e1b516d23) Generated GUIDs only implemented for interfaces!
 -> (artifact id: 'efb2ec323cc29f466396b310d5b7e69e') in 0.004556 seconds
Number of updated asset objects reloaded before import = 0
Number of asset objects unloaded after import = 1
========================================================================
Received Import Request.
  Time since last request: 0.000031 seconds.
  path: Assets/_Assets/Meshes/Cheese slice.fbx
  artifactKey: Guid(87763d49f84b8484a937c64afab69a17) Importer(2089858483,0ecaa5967403d082aa24f35e1b516d23)
Start importing Assets/_Assets/Meshes/Cheese slice.fbx using Guid(87763d49f84b8484a937c64afab69a17) Importer(2089858483,0ecaa5967403d082aa24f35e1b516d23) Generated GUIDs only implemented for interfaces!
 -> (artifact id: '2ea0a3d601fc312368046f8c35a45018') in 0.021662 seconds
Number of updated asset objects reloaded before import = 0
Number of asset objects unloaded after import = 10
========================================================================
Received Import Request.
  Time since last request: 0.000016 seconds.
  path: Assets/Settings/URP-HighFidelity.asset
  artifactKey: Guid(7b7fd9122c28c4d15b667c7040e3b3fd) Importer(2089858483,0ecaa5967403d082aa24f35e1b516d23)
Start importing Assets/Settings/URP-HighFidelity.asset using Guid(7b7fd9122c28c4d15b667c7040e3b3fd) Importer(2089858483,0ecaa5967403d082aa24f35e1b516d23) Generated GUIDs only implemented for interfaces!
 -> (artifact id: '814ed40664dbc112004fad4c96628a61') in 0.034350 seconds
Number of updated asset objects reloaded before import = 0
Number of asset objects unloaded after import = 1
========================================================================
Received Import Request.
  Time since last request: 0.000015 seconds.
  path: Assets/_Assets/Animations/CuttingCounterIdle.anim
  artifactKey: Guid(8e51262abb6b5fa4288bd453b7cfb7a6) Importer(2089858483,0ecaa5967403d082aa24f35e1b516d23)
Start importing Assets/_Assets/Animations/CuttingCounterIdle.anim using Guid(8e51262abb6b5fa4288bd453b7cfb7a6) Importer(2089858483,0ecaa5967403d082aa24f35e1b516d23) Generated GUIDs only implemented for interfaces!
 -> (artifact id: '31098ea7a1131ab22e12e3e5e53a2ac7') in 0.004592 seconds
Number of updated asset objects reloaded before import = 0
Number of asset objects unloaded after import = 1
========================================================================
Received Import Request.
  Time since last request: 0.000016 seconds.
  path: Assets/_Assets/PrefabsVisuals/KitchenObjectsVisuals/Cabbage_Visual.prefab
  artifactKey: Guid(259702638197d9246bfc6f2b0fe88c09) Importer(2089858483,0ecaa5967403d082aa24f35e1b516d23)
Start importing Assets/_Assets/PrefabsVisuals/KitchenObjectsVisuals/Cabbage_Visual.prefab using Guid(259702638197d9246bfc6f2b0fe88c09) Importer(2089858483,0ecaa5967403d082aa24f35e1b516d23) Generated GUIDs only implemented for interfaces!
 -> (artifact id: 'ea959f32b6a273dc25e476736568b300') in 0.003246 seconds
Number of updated asset objects reloaded before import = 0
Number of asset objects unloaded after import = 9
========================================================================
Received Import Request.
  Time since last request: 0.000015 seconds.
  path: Assets/_Assets/Meshes/Textures/Trash bin_MetallicSmoothness.png
  artifactKey: Guid(ce06bbde7c4eab34bb593f0b83cc99ab) Importer(2089858483,0ecaa5967403d082aa24f35e1b516d23)
Start importing Assets/_Assets/Meshes/Textures/Trash bin_MetallicSmoothness.png using Guid(ce06bbde7c4eab34bb593f0b83cc99ab) Importer(2089858483,0ecaa5967403d082aa24f35e1b516d23) Generated GUIDs only implemented for interfaces!
 -> (artifact id: '72e925b9f7dcf5cc9e51a72014351be8') in 0.017082 seconds
Number of updated asset objects reloaded before import = 0
Number of asset objects unloaded after import = 1
========================================================================
Received Import Request.
  Time since last request: 0.000021 seconds.
  path: Assets/_Assets/PrefabsVisuals/KitchenObjectsVisuals/MeatPattyBurned_Visual.prefab
  artifactKey: Guid(0df961a7e3870b44f9bbce7bdf930613) Importer(2089858483,0ecaa5967403d082aa24f35e1b516d23)
Start importing Assets/_Assets/PrefabsVisuals/KitchenObjectsVisuals/MeatPattyBurned_Visual.prefab using Guid(0df961a7e3870b44f9bbce7bdf930613) Importer(2089858483,0ecaa5967403d082aa24f35e1b516d23) Generated GUIDs only implemented for interfaces!
 -> (artifact id: 'ded9d62b72a5280d70bc756adf26e9f9') in 0.003598 seconds
Number of updated asset objects reloaded before import = 0
Number of asset objects unloaded after import = 9
========================================================================
Received Import Request.
  Time since last request: 0.000018 seconds.
  path: Assets/_Assets/Meshes/Textures/Plate_AlbedoTransparency.png
  artifactKey: Guid(3bfb3e55e3e40134d937bed6d2d61c28) Importer(2089858483,0ecaa5967403d082aa24f35e1b516d23)
Start importing Assets/_Assets/Meshes/Textures/Plate_AlbedoTransparency.png using Guid(3bfb3e55e3e40134d937bed6d2d61c28) Importer(2089858483,0ecaa5967403d082aa24f35e1b516d23) Generated GUIDs only implemented for interfaces!
 -> (artifact id: 'f3d92ceed5dc4645aaa64ab8f9e06016') in 0.025879 seconds
Number of updated asset objects reloaded before import = 0
Number of asset objects unloaded after import = 1
========================================================================
Received Import Request.
  Time since last request: 0.000015 seconds.
  path: Assets/_Assets/Meshes/Textures/Lettuce_AlbedoTransparency.png
  artifactKey: Guid(1f9a8907445f5914790a98b1ac223020) Importer(2089858483,0ecaa5967403d082aa24f35e1b516d23)
Start importing Assets/_Assets/Meshes/Textures/Lettuce_AlbedoTransparency.png using Guid(1f9a8907445f5914790a98b1ac223020) Importer(2089858483,0ecaa5967403d082aa24f35e1b516d23) Generated GUIDs only implemented for interfaces!
 -> (artifact id: '10dbe144a23942aa33ecfcb1a07b10e0') in 0.019348 seconds
Number of updated asset objects reloaded before import = 0
Number of asset objects unloaded after import = 1
========================================================================
Received Import Request.
  Time since last request: 0.000047 seconds.
  path: Assets/_Assets/PrefabsVisuals/CountersVisuals/StoveCounter_Visual.prefab
  artifactKey: Guid(93af8b85a17635f40a5b76ed82a86c18) Importer(2089858483,0ecaa5967403d082aa24f35e1b516d23)
Start importing Assets/_Assets/PrefabsVisuals/CountersVisuals/StoveCounter_Visual.prefab using Guid(93af8b85a17635f40a5b76ed82a86c18) Importer(2089858483,0ecaa5967403d082aa24f35e1b516d23) Generated GUIDs only implemented for interfaces!
 -> (artifact id: '8e7cb6fc0e525d3b44f26a72952eac95') in 0.010828 seconds
Number of updated asset objects reloaded before import = 0
Number of asset objects unloaded after import = 28
========================================================================
Received Import Request.
  Time since last request: 0.000026 seconds.
  path: Assets/_Assets/PrefabsVisuals/KitchenObjectsVisuals/CabbageSliced_Visual.prefab
  artifactKey: Guid(44b7e90f95929c04c8394768d8bd1d14) Importer(2089858483,0ecaa5967403d082aa24f35e1b516d23)
Start importing Assets/_Assets/PrefabsVisuals/KitchenObjectsVisuals/CabbageSliced_Visual.prefab using Guid(44b7e90f95929c04c8394768d8bd1d14) Importer(2089858483,0ecaa5967403d082aa24f35e1b516d23) Generated GUIDs only implemented for interfaces!
 -> (artifact id: 'aa6aa62be95ad70c56f2273c647587b5') in 0.004067 seconds
Number of updated asset objects reloaded before import = 0
Number of asset objects unloaded after import = 25
========================================================================
Received Import Request.
  Time since last request: 0.000028 seconds.
  path: Assets/_Assets/Materials/Black.mat
  artifactKey: Guid(90f0eed1477afe14b9e538e5bfa88cdc) Importer(2089858483,0ecaa5967403d082aa24f35e1b516d23)
Start importing Assets/_Assets/Materials/Black.mat using Guid(90f0eed1477afe14b9e538e5bfa88cdc) Importer(2089858483,0ecaa5967403d082aa24f35e1b516d23) Generated GUIDs only implemented for interfaces!
 -> (artifact id: '11e5ae1176f3606678f8c9af98c826e8') in 0.005573 seconds
Number of updated asset objects reloaded before import = 0
Number of asset objects unloaded after import = 1
========================================================================
Received Import Request.
  Time since last request: 0.000016 seconds.
  path: Assets/_Assets/Meshes/Textures/Cheese_MetallicSmoothness.png
  artifactKey: Guid(47f1f81f2deb8f84a8b54892c1a55533) Importer(2089858483,0ecaa5967403d082aa24f35e1b516d23)
Start importing Assets/_Assets/Meshes/Textures/Cheese_MetallicSmoothness.png using Guid(47f1f81f2deb8f84a8b54892c1a55533) Importer(2089858483,0ecaa5967403d082aa24f35e1b516d23) Generated GUIDs only implemented for interfaces!
 -> (artifact id: 'deae102bcae204b13cbd39464c1b49b6') in 0.017790 seconds
Number of updated asset objects reloaded before import = 0
Number of asset objects unloaded after import = 1
========================================================================
Received Import Request.
  Time since last request: 0.000019 seconds.
  path: Assets/_Assets/Meshes/Stove Counter.fbx
  artifactKey: Guid(75b0c5b412fce514db07f0a97f4a0b2f) Importer(2089858483,0ecaa5967403d082aa24f35e1b516d23)
Start importing Assets/_Assets/Meshes/Stove Counter.fbx using Guid(75b0c5b412fce514db07f0a97f4a0b2f) Importer(2089858483,0ecaa5967403d082aa24f35e1b516d23) Generated GUIDs only implemented for interfaces!
 -> (artifact id: '8ed4040f765cc9449d2846fcdddf8729') in 0.028420 seconds
Number of updated asset objects reloaded before import = 0
Number of asset objects unloaded after import = 10
========================================================================
Received Import Request.
  Time since last request: 0.000022 seconds.
  path: Assets/_Assets/Animations/ContainerCounterClosed.anim
  artifactKey: Guid(7e9192aa6090c834589ba44fb1d962a7) Importer(2089858483,0ecaa5967403d082aa24f35e1b516d23)
Start importing Assets/_Assets/Animations/ContainerCounterClosed.anim using Guid(7e9192aa6090c834589ba44fb1d962a7) Importer(2089858483,0ecaa5967403d082aa24f35e1b516d23) Generated GUIDs only implemented for interfaces!
 -> (artifact id: '73ed0144e045cca072bbe21582e7ca86') in 0.006437 seconds
Number of updated asset objects reloaded before import = 0
Number of asset objects unloaded after import = 1
========================================================================
Received Import Request.
  Time since last request: 0.000017 seconds.
  path: Assets/_Assets/PrefabsVisuals/CountersVisuals/ContainerCounter_Visual.prefab
  artifactKey: Guid(9a9137fa2b035d34e881701d2c178192) Importer(2089858483,0ecaa5967403d082aa24f35e1b516d23)
Start importing Assets/_Assets/PrefabsVisuals/CountersVisuals/ContainerCounter_Visual.prefab using Guid(9a9137fa2b035d34e881701d2c178192) Importer(2089858483,0ecaa5967403d082aa24f35e1b516d23) Generated GUIDs only implemented for interfaces!
 -> (artifact id: '2fd6523fe396c0ee8e4b7e6a987fb6ed') in 0.012685 seconds
Number of updated asset objects reloaded before import = 0
Number of asset objects unloaded after import = 37
========================================================================
Received Import Request.
  Time since last request: 0.000016 seconds.
  path: Assets/_Assets/Animations/ContainerCounter.controller
  artifactKey: Guid(159fdf44081dc31468b5d2cf94ed008e) Importer(2089858483,0ecaa5967403d082aa24f35e1b516d23)
Start importing Assets/_Assets/Animations/ContainerCounter.controller using Guid(159fdf44081dc31468b5d2cf94ed008e) Importer(2089858483,0ecaa5967403d082aa24f35e1b516d23) Generated GUIDs only implemented for interfaces!
 -> (artifact id: '6579003d251b75c7cb2b127aefa3c798') in 0.004021 seconds
Number of updated asset objects reloaded before import = 0
Number of asset objects unloaded after import = 8
========================================================================
Received Import Request.
  Time since last request: 0.000016 seconds.
  path: Assets/_Assets/Animations/Idle.anim
  artifactKey: Guid(1d9b9f03f848d714abb6b7ff43d4531b) Importer(2089858483,0ecaa5967403d082aa24f35e1b516d23)
Start importing Assets/_Assets/Animations/Idle.anim using Guid(1d9b9f03f848d714abb6b7ff43d4531b) Importer(2089858483,0ecaa5967403d082aa24f35e1b516d23) Generated GUIDs only implemented for interfaces!
 -> (artifact id: '9e978260bf348da770794ea144c46c01') in 0.004400 seconds
Number of updated asset objects reloaded before import = 0
Number of asset objects unloaded after import = 1
========================================================================
Received Import Request.
  Time since last request: 0.000017 seconds.
  path: Assets/_Assets/Meshes/Textures/Knife_AlbedoTransparency.png
  artifactKey: Guid(030c5fdf1aa04eb46b9fb96d2155eb3e) Importer(2089858483,0ecaa5967403d082aa24f35e1b516d23)
Start importing Assets/_Assets/Meshes/Textures/Knife_AlbedoTransparency.png using Guid(030c5fdf1aa04eb46b9fb96d2155eb3e) Importer(2089858483,0ecaa5967403d082aa24f35e1b516d23) Generated GUIDs only implemented for interfaces!
 -> (artifact id: 'a89a49c548ffe521432778517c0e0ddb') in 0.015564 seconds
Number of updated asset objects reloaded before import = 0
Number of asset objects unloaded after import = 1
========================================================================
Received Import Request.
  Time since last request: 0.000016 seconds.
  path: Assets/Rhythm Game Tutorial/Prefabs/HitEffect.prefab
  artifactKey: Guid(2577ad23f180a8e45bd03b2ff1020271) Importer(2089858483,0ecaa5967403d082aa24f35e1b516d23)
Start importing Assets/Rhythm Game Tutorial/Prefabs/HitEffect.prefab using Guid(2577ad23f180a8e45bd03b2ff1020271) Importer(2089858483,0ecaa5967403d082aa24f35e1b516d23) Generated GUIDs only implemented for interfaces!
 -> (artifact id: 'ff9394d50cd339cf632969dd2bd560d6') in 0.018661 seconds
Number of updated asset objects reloaded before import = 0
Number of asset objects unloaded after import = 12
========================================================================
Received Import Request.
  Time since last request: 0.000017 seconds.
  path: Assets/_Assets/Meshes/Textures/Cheese_Normal.png
  artifactKey: Guid(9922224e75dd4e34ab4e113f2cf7cdb8) Importer(2089858483,0ecaa5967403d082aa24f35e1b516d23)
Start importing Assets/_Assets/Meshes/Textures/Cheese_Normal.png using Guid(9922224e75dd4e34ab4e113f2cf7cdb8) Importer(2089858483,0ecaa5967403d082aa24f35e1b516d23) Generated GUIDs only implemented for interfaces!
 -> (artifact id: 'd846cb7872dbb8d7c5624d1fdd010112') in 0.019211 seconds
Number of updated asset objects reloaded before import = 0
Number of asset objects unloaded after import = 1
========================================================================
Received Import Request.
  Time since last request: 0.000031 seconds.
  path: Assets/Settings/URP-Balanced-Renderer.asset
  artifactKey: Guid(e634585d5c4544dd297acaee93dc2beb) Importer(2089858483,0ecaa5967403d082aa24f35e1b516d23)
Start importing Assets/Settings/URP-Balanced-Renderer.asset using Guid(e634585d5c4544dd297acaee93dc2beb) Importer(2089858483,0ecaa5967403d082aa24f35e1b516d23) Generated GUIDs only implemented for interfaces!
 -> (artifact id: '8b824cb0eb2534559d1c930d897d65c0') in 0.013368 seconds
Number of updated asset objects reloaded before import = 0
Number of asset objects unloaded after import = 2
========================================================================
Received Import Request.
  Time since last request: 0.000028 seconds.
  path: Assets/_Assets/Meshes/Trash bin.fbx
  artifactKey: Guid(456aff8d8c93b494d9387cd32bd0346d) Importer(2089858483,0ecaa5967403d082aa24f35e1b516d23)
Start importing Assets/_Assets/Meshes/Trash bin.fbx using Guid(456aff8d8c93b494d9387cd32bd0346d) Importer(2089858483,0ecaa5967403d082aa24f35e1b516d23) Generated GUIDs only implemented for interfaces!
 -> (artifact id: 'ac4661264d3dd46218dea88db156e34c') in 0.028479 seconds
Number of updated asset objects reloaded before import = 0
Number of asset objects unloaded after import = 10
========================================================================
Received Import Request.
  Time since last request: 0.000014 seconds.
  path: Assets/_Assets/Materials/Floor.mat
  artifactKey: Guid(5cd9c4cb641f84d44a3f09754979864b) Importer(2089858483,0ecaa5967403d082aa24f35e1b516d23)
Start importing Assets/_Assets/Materials/Floor.mat using Guid(5cd9c4cb641f84d44a3f09754979864b) Importer(2089858483,0ecaa5967403d082aa24f35e1b516d23) Generated GUIDs only implemented for interfaces!
 -> (artifact id: 'da61c151464f8f3f33b43079181e44ea') in 0.005068 seconds
Number of updated asset objects reloaded before import = 0
Number of asset objects unloaded after import = 2
========================================================================
Received Import Request.
  Time since last request: 0.000016 seconds.
  path: Assets/_Assets/Meshes/Cooked meat patty.fbx
  artifactKey: Guid(598a91cf1806eae49abf8273f6ad8ffa) Importer(2089858483,0ecaa5967403d082aa24f35e1b516d23)
Start importing Assets/_Assets/Meshes/Cooked meat patty.fbx using Guid(598a91cf1806eae49abf8273f6ad8ffa) Importer(2089858483,0ecaa5967403d082aa24f35e1b516d23) Generated GUIDs only implemented for interfaces!
 -> (artifact id: '0be6d07343748c7dd334a029775abba2') in 0.018188 seconds
Number of updated asset objects reloaded before import = 0
Number of asset objects unloaded after import = 10
========================================================================
Received Import Request.
  Time since last request: 0.000016 seconds.
  path: Assets/_Assets/Animations/CuttingCounterCut.anim
  artifactKey: Guid(d7dc3ae032292ec4790e41ed41f65f1d) Importer(2089858483,0ecaa5967403d082aa24f35e1b516d23)
Start importing Assets/_Assets/Animations/CuttingCounterCut.anim using Guid(d7dc3ae032292ec4790e41ed41f65f1d) Importer(2089858483,0ecaa5967403d082aa24f35e1b516d23) Generated GUIDs only implemented for interfaces!
 -> (artifact id: 'ba347c7180bba162303f631bb3fe7ccf') in 0.015028 seconds
Number of updated asset objects reloaded before import = 0
Number of asset objects unloaded after import = 1
========================================================================
Received Import Request.
  Time since last request: 0.000015 seconds.
  path: Assets/_Assets/Textures/Icons/MeatPattyCooked.png
  artifactKey: Guid(f1f50c7ef90b19741b26f2040806cf56) Importer(2089858483,0ecaa5967403d082aa24f35e1b516d23)
Start importing Assets/_Assets/Textures/Icons/MeatPattyCooked.png using Guid(f1f50c7ef90b19741b26f2040806cf56) Importer(2089858483,0ecaa5967403d082aa24f35e1b516d23) Generated GUIDs only implemented for interfaces!
 -> (artifact id: '791bc3e4d85a0367de236eab4ae173b5') in 0.015582 seconds
Number of updated asset objects reloaded before import = 0
Number of asset objects unloaded after import = 3
========================================================================
Received Import Request.
  Time since last request: 0.000015 seconds.
  path: Assets/_Assets/Sounds/SFX/SFX_footstep01_01.wav
  artifactKey: Guid(078e15982fce2e147bf06c8a7682f28b) Importer(2089858483,0ecaa5967403d082aa24f35e1b516d23)
Start importing Assets/_Assets/Sounds/SFX/SFX_footstep01_01.wav using Guid(078e15982fce2e147bf06c8a7682f28b) Importer(2089858483,0ecaa5967403d082aa24f35e1b516d23) Generated GUIDs only implemented for interfaces!
 -> (artifact id: '08656ad8feda57abe48b0d0f713f0ba3') in 0.057545 seconds
Number of updated asset objects reloaded before import = 0
Number of asset objects unloaded after import = 1
========================================================================
Received Import Request.
  Time since last request: 0.000018 seconds.
  path: Assets/_Assets/Sounds/SFX/SFX_delivery_success02.wav
  artifactKey: Guid(4b22bfbdbacfa0445bc9bbfbb0141085) Importer(2089858483,0ecaa5967403d082aa24f35e1b516d23)
Start importing Assets/_Assets/Sounds/SFX/SFX_delivery_success02.wav using Guid(4b22bfbdbacfa0445bc9bbfbb0141085) Importer(2089858483,0ecaa5967403d082aa24f35e1b516d23) Generated GUIDs only implemented for interfaces!
 -> (artifact id: '0f60f421c8ce78969f774c82bee566fa') in 0.064528 seconds
Number of updated asset objects reloaded before import = 0
Number of asset objects unloaded after import = 1
========================================================================
Received Import Request.
  Time since last request: 0.000027 seconds.
  path: Assets/_Assets/Sounds/SFX/SFX_footstep02_01.wav
  artifactKey: Guid(cc97c340134faa948bcaf20fea6429c6) Importer(2089858483,0ecaa5967403d082aa24f35e1b516d23)
Start importing Assets/_Assets/Sounds/SFX/SFX_footstep02_01.wav using Guid(cc97c340134faa948bcaf20fea6429c6) Importer(2089858483,0ecaa5967403d082aa24f35e1b516d23) Generated GUIDs only implemented for interfaces!
 -> (artifact id: '23f437ac19830eff1f52e0bc61497a43') in 0.180390 seconds
Number of updated asset objects reloaded before import = 0
Number of asset objects unloaded after import = 1
========================================================================
Received Import Request.
  Time since last request: 0.000059 seconds.
  path: Assets/_Assets/Textures/Icons/Plate.png
  artifactKey: Guid(3928afb5321bb3d489bbd4ac581b29a2) Importer(2089858483,0ecaa5967403d082aa24f35e1b516d23)
Start importing Assets/_Assets/Textures/Icons/Plate.png using Guid(3928afb5321bb3d489bbd4ac581b29a2) Importer(2089858483,0ecaa5967403d082aa24f35e1b516d23) Generated GUIDs only implemented for interfaces!
 -> (artifact id: '001781586e657206f870a4df248d4456') in 0.068767 seconds
Number of updated asset objects reloaded before import = 0
Number of asset objects unloaded after import = 3
========================================================================
Received Import Request.
  Time since last request: 0.000052 seconds.
  path: Assets/_Assets/Sounds/SFX/SFX_object_pickup03.wav
  artifactKey: Guid(32d29abc86751884081d2005f9ff2676) Importer(2089858483,0ecaa5967403d082aa24f35e1b516d23)
Start importing Assets/_Assets/Sounds/SFX/SFX_object_pickup03.wav using Guid(32d29abc86751884081d2005f9ff2676) Importer(2089858483,0ecaa5967403d082aa24f35e1b516d23) Generated GUIDs only implemented for interfaces!
 -> (artifact id: '41bd6e90baa017ae0aa27fd89d40a681') in 0.264846 seconds
Number of updated asset objects reloaded before import = 0
Number of asset objects unloaded after import = 1
========================================================================
Received Import Request.
  Time since last request: 0.000074 seconds.
  path: Assets/_Assets/Sounds/SFX/SFX_warning01.wav
  artifactKey: Guid(b90d8099bdbf09a40ab1163556d5b5f4) Importer(2089858483,0ecaa5967403d082aa24f35e1b516d23)
Start importing Assets/_Assets/Sounds/SFX/SFX_warning01.wav using Guid(b90d8099bdbf09a40ab1163556d5b5f4) Importer(2089858483,0ecaa5967403d082aa24f35e1b516d23) Generated GUIDs only implemented for interfaces!
 -> (artifact id: '686568cd36de354c1e4c61847ecd9199') in 0.307798 seconds
Number of updated asset objects reloaded before import = 0
Number of asset objects unloaded after import = 1
========================================================================
Received Import Request.
  Time since last request: 0.000059 seconds.
  path: Assets/_Assets/Textures/Icons/CheeseSlice.png
  artifactKey: Guid(549cb4f2b86d1b84d8cd41c1cfde26c8) Importer(2089858483,0ecaa5967403d082aa24f35e1b516d23)
Start importing Assets/_Assets/Textures/Icons/CheeseSlice.png using Guid(549cb4f2b86d1b84d8cd41c1cfde26c8) Importer(2089858483,0ecaa5967403d082aa24f35e1b516d23) Generated GUIDs only implemented for interfaces!
 -> (artifact id: '9e33bf2f88056b2e53d5d27ce008cf7a') in 0.078928 seconds
Number of updated asset objects reloaded before import = 0
Number of asset objects unloaded after import = 3
========================================================================
Received Import Request.
  Time since last request: 0.000082 seconds.
  path: Assets/_Assets/PrefabsVisuals/KitchenObjectsVisuals/TomatoSlices_Visual.prefab
  artifactKey: Guid(fb403d1efda6baf4190c507841617408) Importer(2089858483,0ecaa5967403d082aa24f35e1b516d23)
Start importing Assets/_Assets/PrefabsVisuals/KitchenObjectsVisuals/TomatoSlices_Visual.prefab using Guid(fb403d1efda6baf4190c507841617408) Importer(2089858483,0ecaa5967403d082aa24f35e1b516d23) Generated GUIDs only implemented for interfaces!
 -> (artifact id: '527726b907ca88c3b4149c9b516f653d') in 0.015564 seconds
Number of updated asset objects reloaded before import = 0
Number of asset objects unloaded after import = 17
========================================================================
Received Import Request.
  Time since last request: 0.000048 seconds.
  path: Assets/_Assets/Sounds/SFX/SFX_footstep01_02.wav
  artifactKey: Guid(b2d2893ac04fbdb44a226f4b6ea0d271) Importer(2089858483,0ecaa5967403d082aa24f35e1b516d23)
Start importing Assets/_Assets/Sounds/SFX/SFX_footstep01_02.wav using Guid(b2d2893ac04fbdb44a226f4b6ea0d271) Importer(2089858483,0ecaa5967403d082aa24f35e1b516d23) Generated GUIDs only implemented for interfaces!
 -> (artifact id: 'daacf47614ebc098cdbe0a0e54bf825b') in 0.321514 seconds
Number of updated asset objects reloaded before import = 0
Number of asset objects unloaded after import = 1
========================================================================
Received Import Request.
  Time since last request: 0.000066 seconds.
  path: Assets/_Assets/Sounds/SFX/SFX_trash02.wav
  artifactKey: Guid(6024ba1d53d005f48a96b3a9f6bacedd) Importer(2089858483,0ecaa5967403d082aa24f35e1b516d23)
Start importing Assets/_Assets/Sounds/SFX/SFX_trash02.wav using Guid(6024ba1d53d005f48a96b3a9f6bacedd) Importer(2089858483,0ecaa5967403d082aa24f35e1b516d23) Generated GUIDs only implemented for interfaces!
 -> (artifact id: 'd4172bc80d7730df866d3dddc3fee9c6') in 0.268080 seconds
Number of updated asset objects reloaded before import = 0
Number of asset objects unloaded after import = 1
========================================================================
Received Import Request.
  Time since last request: 0.000142 seconds.
  path: Assets/_Assets/Sounds/SFX/SFX_object_drop01.wav
  artifactKey: Guid(9c88983fa5906dc41944ec5a43b6b5c7) Importer(2089858483,0ecaa5967403d082aa24f35e1b516d23)
Start importing Assets/_Assets/Sounds/SFX/SFX_object_drop01.wav using Guid(9c88983fa5906dc41944ec5a43b6b5c7) Importer(2089858483,0ecaa5967403d082aa24f35e1b516d23) Generated GUIDs only implemented for interfaces!
 -> (artifact id: '2d8df5a75b3643249dc5f4792c062b9f') in 0.202432 seconds
Number of updated asset objects reloaded before import = 0
Number of asset objects unloaded after import = 1
========================================================================
Received Import Request.
  Time since last request: 0.000016 seconds.
  path: Assets/_Assets/Textures/Icons/CheeseBlock.png
  artifactKey: Guid(da2d04fe27b94e34ea0b624569b48a6f) Importer(2089858483,0ecaa5967403d082aa24f35e1b516d23)
Start importing Assets/_Assets/Textures/Icons/CheeseBlock.png using Guid(da2d04fe27b94e34ea0b624569b48a6f) Importer(2089858483,0ecaa5967403d082aa24f35e1b516d23) Generated GUIDs only implemented for interfaces!
 -> (artifact id: '7c0b8817e070ade822c4e57919e7e1eb') in 0.014638 seconds
Number of updated asset objects reloaded before import = 0
Number of asset objects unloaded after import = 3
========================================================================
Received Import Request.
  Time since last request: 0.000030 seconds.
  path: Assets/_Assets/Meshes/Textures/Bread_MetallicSmoothness.png
  artifactKey: Guid(81610f86846f7834c8c1e67f32b8092a) Importer(2089858483,0ecaa5967403d082aa24f35e1b516d23)
Start importing Assets/_Assets/Meshes/Textures/Bread_MetallicSmoothness.png using Guid(81610f86846f7834c8c1e67f32b8092a) Importer(2089858483,0ecaa5967403d082aa24f35e1b516d23) Generated GUIDs only implemented for interfaces!
 -> (artifact id: '5d848e02543a18994ad4bec64dc8bfa0') in 0.022019 seconds
Number of updated asset objects reloaded before import = 0
Number of asset objects unloaded after import = 1
========================================================================
Received Import Request.
  Time since last request: 0.000019 seconds.
  path: Assets/_Assets/Textures/Tutorial.png
  artifactKey: Guid(641c97aa3fe3c2f4b942b1b919b8cafe) Importer(2089858483,0ecaa5967403d082aa24f35e1b516d23)
Start importing Assets/_Assets/Textures/Tutorial.png using Guid(641c97aa3fe3c2f4b942b1b919b8cafe) Importer(2089858483,0ecaa5967403d082aa24f35e1b516d23) Generated GUIDs only implemented for interfaces!
 -> (artifact id: 'e3caf26824dfb0a0d65890964d1bb908') in 0.024206 seconds
Number of updated asset objects reloaded before import = 0
Number of asset objects unloaded after import = 3
========================================================================
Received Import Request.
  Time since last request: 0.000017 seconds.
  path: Assets/_Assets/PrefabsVisuals/KitchenObjectsVisuals/CheeseSlices_Visual.prefab
  artifactKey: Guid(17cb28a1a37fd7f44ae6e1ad2aa9da78) Importer(2089858483,0ecaa5967403d082aa24f35e1b516d23)
Start importing Assets/_Assets/PrefabsVisuals/KitchenObjectsVisuals/CheeseSlices_Visual.prefab using Guid(17cb28a1a37fd7f44ae6e1ad2aa9da78) Importer(2089858483,0ecaa5967403d082aa24f35e1b516d23) Generated GUIDs only implemented for interfaces!
 -> (artifact id: '1ec5b1c8a5069ac9b88ae9f9c9e79935') in 0.003553 seconds
Number of updated asset objects reloaded before import = 0
Number of asset objects unloaded after import = 17
========================================================================
Received Import Request.
  Time since last request: 0.000018 seconds.
  path: Assets/Rhythm Game Tutorial/Prefabs/GoodEffect.prefab
  artifactKey: Guid(ceae690b35de3bb468695914b637d4c6) Importer(2089858483,0ecaa5967403d082aa24f35e1b516d23)
Start importing Assets/Rhythm Game Tutorial/Prefabs/GoodEffect.prefab using Guid(ceae690b35de3bb468695914b637d4c6) Importer(2089858483,0ecaa5967403d082aa24f35e1b516d23) Generated GUIDs only implemented for interfaces!
 -> (artifact id: '684b4260c744ecc9397be2e4746bb5dd') in 0.006891 seconds
Number of updated asset objects reloaded before import = 0
Number of asset objects unloaded after import = 12
========================================================================
Received Import Request.
  Time since last request: 0.000015 seconds.
  path: Assets/_Assets/Meshes/Textures/Meat_MetallicSmoothness.png
  artifactKey: Guid(cedc458404734c04b87356e63f64b9b3) Importer(2089858483,0ecaa5967403d082aa24f35e1b516d23)
Start importing Assets/_Assets/Meshes/Textures/Meat_MetallicSmoothness.png using Guid(cedc458404734c04b87356e63f64b9b3) Importer(2089858483,0ecaa5967403d082aa24f35e1b516d23) Generated GUIDs only implemented for interfaces!
 -> (artifact id: '61818c371e91dee3b7664c5c9cec6cde') in 0.015711 seconds
Number of updated asset objects reloaded before import = 0
Number of asset objects unloaded after import = 1
========================================================================
Received Import Request.
  Time since last request: 0.000024 seconds.
  path: Assets/_Assets/Materials/PlayerBody_Green.mat
  artifactKey: Guid(353eec077b4390b43aab98adeac15a1e) Importer(2089858483,0ecaa5967403d082aa24f35e1b516d23)
Start importing Assets/_Assets/Materials/PlayerBody_Green.mat using Guid(353eec077b4390b43aab98adeac15a1e) Importer(2089858483,0ecaa5967403d082aa24f35e1b516d23) Generated GUIDs only implemented for interfaces!
 -> (artifact id: '319af71b98f5f9dae7a7932abd52d971') in 0.015862 seconds
Number of updated asset objects reloaded before import = 0
Number of asset objects unloaded after import = 1
========================================================================
Received Import Request.
  Time since last request: 0.000016 seconds.
  path: Assets/_Assets/Meshes/All models.fbx
  artifactKey: Guid(36694ad9cc3abc04ab48fdb0373f2037) Importer(2089858483,0ecaa5967403d082aa24f35e1b516d23)
Start importing Assets/_Assets/Meshes/All models.fbx using Guid(36694ad9cc3abc04ab48fdb0373f2037) Importer(2089858483,0ecaa5967403d082aa24f35e1b516d23) Generated GUIDs only implemented for interfaces!
 -> (artifact id: 'db70faaa106b11ab9bce2392d8751bdc') in 0.163172 seconds
Number of updated asset objects reloaded before import = 0
Number of asset objects unloaded after import = 143
========================================================================
Received Import Request.
  Time since last request: 0.000024 seconds.
  path: Assets/TutorialInfo/Scripts/Readme.cs
  artifactKey: Guid(fcf7219bab7fe46a1ad266029b2fee19) Importer(2089858483,0ecaa5967403d082aa24f35e1b516d23)
Start importing Assets/TutorialInfo/Scripts/Readme.cs using Guid(fcf7219bab7fe46a1ad266029b2fee19) Importer(2089858483,0ecaa5967403d082aa24f35e1b516d23) Generated GUIDs only implemented for interfaces!
 -> (artifact id: 'f97bb194e6e17aae30dfca41643bb9c8') in 0.002917 seconds
Number of updated asset objects reloaded before import = 0
Number of asset objects unloaded after import = 1
========================================================================
Received Import Request.
  Time since last request: 0.000024 seconds.
  path: Assets/_Assets/Animations/Player.controller
  artifactKey: Guid(109831050e4717746a643c3caee1b864) Importer(2089858483,0ecaa5967403d082aa24f35e1b516d23)
Start importing Assets/_Assets/Animations/Player.controller using Guid(109831050e4717746a643c3caee1b864) Importer(2089858483,0ecaa5967403d082aa24f35e1b516d23) Generated GUIDs only implemented for interfaces!
 -> (artifact id: 'de8535205b33c53b473fff4f1723304a') in 0.004131 seconds
Number of updated asset objects reloaded before import = 0
Number of asset objects unloaded after import = 8
========================================================================
Received Import Request.
  Time since last request: 0.000016 seconds.
  path: Assets/_Assets/Meshes/Textures/Stove_Normal.png
  artifactKey: Guid(dd03badf8f9b42647994af8e1145ccb0) Importer(2089858483,0ecaa5967403d082aa24f35e1b516d23)
Start importing Assets/_Assets/Meshes/Textures/Stove_Normal.png using Guid(dd03badf8f9b42647994af8e1145ccb0) Importer(2089858483,0ecaa5967403d082aa24f35e1b516d23) Generated GUIDs only implemented for interfaces!
 -> (artifact id: '82a3de6ddb3906e78fcc1ae648429c5e') in 0.016217 seconds
Number of updated asset objects reloaded before import = 0
Number of asset objects unloaded after import = 1
========================================================================
Received Import Request.
  Time since last request: 0.000019 seconds.
  path: Assets/_Assets/Materials/PlayerBody_Red.mat
  artifactKey: Guid(5ab04d90f9e9cd646a3bd2193331a761) Importer(2089858483,0ecaa5967403d082aa24f35e1b516d23)
Start importing Assets/_Assets/Materials/PlayerBody_Red.mat using Guid(5ab04d90f9e9cd646a3bd2193331a761) Importer(2089858483,0ecaa5967403d082aa24f35e1b516d23) Generated GUIDs only implemented for interfaces!
 -> (artifact id: 'bef3ea09f4854f3b67f4972e32da1a98') in 0.005066 seconds
Number of updated asset objects reloaded before import = 0
Number of asset objects unloaded after import = 1
========================================================================
Received Import Request.
  Time since last request: 0.000015 seconds.
  path: Assets/_Assets/Textures/Icons/Cabbage.png
  artifactKey: Guid(e1c23b5aded59d84da30738d3267a6c9) Importer(2089858483,0ecaa5967403d082aa24f35e1b516d23)
Start importing Assets/_Assets/Textures/Icons/Cabbage.png using Guid(e1c23b5aded59d84da30738d3267a6c9) Importer(2089858483,0ecaa5967403d082aa24f35e1b516d23) Generated GUIDs only implemented for interfaces!
 -> (artifact id: 'fb4eab35695307ca8e314c8e59a6380b') in 0.015504 seconds
Number of updated asset objects reloaded before import = 0
Number of asset objects unloaded after import = 3
========================================================================
Received Import Request.
  Time since last request: 0.000016 seconds.
  path: Assets/_Assets/PrefabsVisuals/CountersVisuals/CuttingCounter_Visual.prefab
  artifactKey: Guid(d72bee846803d074784ffb8f64e993ca) Importer(2089858483,0ecaa5967403d082aa24f35e1b516d23)
Start importing Assets/_Assets/PrefabsVisuals/CountersVisuals/CuttingCounter_Visual.prefab using Guid(d72bee846803d074784ffb8f64e993ca) Importer(2089858483,0ecaa5967403d082aa24f35e1b516d23) Generated GUIDs only implemented for interfaces!
 -> (artifact id: '7772c063de66086ecac913a81f2143e5') in 0.007650 seconds
Number of updated asset objects reloaded before import = 0
Number of asset objects unloaded after import = 31
========================================================================
Received Import Request.
  Time since last request: 0.000016 seconds.
  path: Assets/_Assets/Sounds/SFX/SFX_object_drop03.wav
  artifactKey: Guid(961379cce253f794abff0d24df806b68) Importer(2089858483,0ecaa5967403d082aa24f35e1b516d23)
Start importing Assets/_Assets/Sounds/SFX/SFX_object_drop03.wav using Guid(961379cce253f794abff0d24df806b68) Importer(2089858483,0ecaa5967403d082aa24f35e1b516d23) Generated GUIDs only implemented for interfaces!
 -> (artifact id: '56ab595aa4f7c5b24bd494f50a75265c') in 0.066714 seconds
Number of updated asset objects reloaded before import = 0
Number of asset objects unloaded after import = 1
========================================================================
Received Import Request.
  Time since last request: 0.000021 seconds.
  path: Assets/Rhythm Game Tutorial/Prefabs/MissEffect.prefab
  artifactKey: Guid(ca8edd7a8aa5ddb43aac306a7b843808) Importer(2089858483,0ecaa5967403d082aa24f35e1b516d23)
Start importing Assets/Rhythm Game Tutorial/Prefabs/MissEffect.prefab using Guid(ca8edd7a8aa5ddb43aac306a7b843808) Importer(2089858483,0ecaa5967403d082aa24f35e1b516d23) Generated GUIDs only implemented for interfaces!
 -> (artifact id: '029940ca12d429e4543bbabb414dd32c') in 0.006838 seconds
Number of updated asset objects reloaded before import = 0
Number of asset objects unloaded after import = 12
========================================================================
Received Import Request.
  Time since last request: 0.000017 seconds.
  path: Assets/_Assets/Materials/StoveSizzlingParticles.mat
  artifactKey: Guid(c78259c28adc42140b5e2e8419c882be) Importer(2089858483,0ecaa5967403d082aa24f35e1b516d23)
Start importing Assets/_Assets/Materials/StoveSizzlingParticles.mat using Guid(c78259c28adc42140b5e2e8419c882be) Importer(2089858483,0ecaa5967403d082aa24f35e1b516d23) Generated GUIDs only implemented for interfaces!
 -> (artifact id: '543ab9c415fb2d26f923f597241a2586') in 0.007642 seconds
Number of updated asset objects reloaded before import = 0
Number of asset objects unloaded after import = 1
========================================================================
Received Import Request.
  Time since last request: 0.000023 seconds.
  path: Assets/Rhythm Game Tutorial/Graphics/effects.png
  artifactKey: Guid(9d063b79be80b2b4886e4c74b45f8a29) Importer(2089858483,0ecaa5967403d082aa24f35e1b516d23)
Start importing Assets/Rhythm Game Tutorial/Graphics/effects.png using Guid(9d063b79be80b2b4886e4c74b45f8a29) Importer(2089858483,0ecaa5967403d082aa24f35e1b516d23) Generated GUIDs only implemented for interfaces!
 -> (artifact id: '29da9b029d204726c12b24a4e88323eb') in 0.036750 seconds
Number of updated asset objects reloaded before import = 0
Number of asset objects unloaded after import = 6
========================================================================
Received Import Request.
  Time since last request: 0.000022 seconds.
  path: Assets/Rhythm Game Tutorial/Graphics/Buttons_Green_Pressed.png
  artifactKey: Guid(2d10ec486261df445b73774ff82f1b69) Importer(2089858483,0ecaa5967403d082aa24f35e1b516d23)
Start importing Assets/Rhythm Game Tutorial/Graphics/Buttons_Green_Pressed.png using Guid(2d10ec486261df445b73774ff82f1b69) Importer(2089858483,0ecaa5967403d082aa24f35e1b516d23) Generated GUIDs only implemented for interfaces!
 -> (artifact id: '68cc660249af180a649c15a78e5c47fb') in 0.014010 seconds
Number of updated asset objects reloaded before import = 0
Number of asset objects unloaded after import = 3
========================================================================
Received Import Request.
  Time since last request: 0.000017 seconds.
  path: Assets/_Assets/Meshes/Tomato.fbx
  artifactKey: Guid(1490c1a2a58371d4b9cc957fc7b17d59) Importer(2089858483,0ecaa5967403d082aa24f35e1b516d23)
Start importing Assets/_Assets/Meshes/Tomato.fbx using Guid(1490c1a2a58371d4b9cc957fc7b17d59) Importer(2089858483,0ecaa5967403d082aa24f35e1b516d23) Generated GUIDs only implemented for interfaces!
 -> (artifact id: '7076114c21c813d691cf13d946760108') in 0.019363 seconds
Number of updated asset objects reloaded before import = 0
Number of asset objects unloaded after import = 10
========================================================================
Received Import Request.
  Time since last request: 0.000030 seconds.
  path: Assets/_Assets/Meshes/Textures/Stove_AlbedoTransparency.png
  artifactKey: Guid(86c2ea7f1e3cbe4428182938982a3261) Importer(2089858483,0ecaa5967403d082aa24f35e1b516d23)
Start importing Assets/_Assets/Meshes/Textures/Stove_AlbedoTransparency.png using Guid(86c2ea7f1e3cbe4428182938982a3261) Importer(2089858483,0ecaa5967403d082aa24f35e1b516d23) Generated GUIDs only implemented for interfaces!
 -> (artifact id: 'aa20473833488abe55e4c90dc16b8f78') in 0.032762 seconds
Number of updated asset objects reloaded before import = 0
Number of asset objects unloaded after import = 1
========================================================================
Received Import Request.
  Time since last request: 0.000017 seconds.
  path: Assets/_Assets/PrefabsVisuals/KitchenObjectsVisuals/CheeseBlock_Visual.prefab
  artifactKey: Guid(44325c67017631342b5f02792113e57b) Importer(2089858483,0ecaa5967403d082aa24f35e1b516d23)
Start importing Assets/_Assets/PrefabsVisuals/KitchenObjectsVisuals/CheeseBlock_Visual.prefab using Guid(44325c67017631342b5f02792113e57b) Importer(2089858483,0ecaa5967403d082aa24f35e1b516d23) Generated GUIDs only implemented for interfaces!
 -> (artifact id: 'eb3b07d365a5cb130960416efb33bdf6') in 0.003720 seconds
Number of updated asset objects reloaded before import = 0
Number of asset objects unloaded after import = 9
========================================================================
Received Import Request.
  Time since last request: 0.000017 seconds.
  path: Assets/_Assets/PrefabsVisuals/CountersVisuals/PlatesCounter_Visual.prefab
  artifactKey: Guid(e21b499d164095947b7559f0267f0e63) Importer(2089858483,0ecaa5967403d082aa24f35e1b516d23)
Start importing Assets/_Assets/PrefabsVisuals/CountersVisuals/PlatesCounter_Visual.prefab using Guid(e21b499d164095947b7559f0267f0e63) Importer(2089858483,0ecaa5967403d082aa24f35e1b516d23) Generated GUIDs only implemented for interfaces!
 -> (artifact id: '4567df87453f3e0074665260962bb9ec') in 0.004225 seconds
Number of updated asset objects reloaded before import = 0
Number of asset objects unloaded after import = 14
========================================================================
Received Import Request.
  Time since last request: 0.000016 seconds.
  path: Assets/Scenes/Level1.unity
  artifactKey: Guid(a7efac3f0da73e7439004acd29203987) Importer(2089858483,0ecaa5967403d082aa24f35e1b516d23)
Start importing Assets/Scenes/Level1.unity using Guid(a7efac3f0da73e7439004acd29203987) Importer(2089858483,0ecaa5967403d082aa24f35e1b516d23) Generated GUIDs only implemented for interfaces!
 -> (artifact id: '1ca84a5e68de512089a838b0a7799011') in 0.002343 seconds
Number of updated asset objects reloaded before import = 0
Number of asset objects unloaded after import = 1
========================================================================
Received Import Request.
  Time since last request: 0.000025 seconds.
  path: Assets/_Assets/PrefabsVisuals/CountersVisuals/ClearCounter_Visual.prefab
  artifactKey: Guid(0004cb1e11ad014419b943c7da960724) Importer(2089858483,0ecaa5967403d082aa24f35e1b516d23)
Start importing Assets/_Assets/PrefabsVisuals/CountersVisuals/ClearCounter_Visual.prefab using Guid(0004cb1e11ad014419b943c7da960724) Importer(2089858483,0ecaa5967403d082aa24f35e1b516d23) Generated GUIDs only implemented for interfaces!
 -> (artifact id: 'ec8711160418780ace479a299d1b5cd9') in 0.004142 seconds
Number of updated asset objects reloaded before import = 0
Number of asset objects unloaded after import = 9
========================================================================
Received Import Request.
  Time since last request: 0.000017 seconds.
  path: Assets/_Assets/Sounds/SFX/SFX_delivery_fail01.wav
  artifactKey: Guid(400611abd7434234993616a86c030d1e) Importer(2089858483,0ecaa5967403d082aa24f35e1b516d23)
Start importing Assets/_Assets/Sounds/SFX/SFX_delivery_fail01.wav using Guid(400611abd7434234993616a86c030d1e) Importer(2089858483,0ecaa5967403d082aa24f35e1b516d23) Generated GUIDs only implemented for interfaces!
 -> (artifact id: 'bc9f63b1e56acb3cf326fe10f3a7ccca') in 0.055883 seconds
Number of updated asset objects reloaded before import = 0
Number of asset objects unloaded after import = 1
========================================================================
Received Import Request.
  Time since last request: 0.000021 seconds.
  path: Assets/TutorialInfo/Scripts/Editor/ReadmeEditor.cs
  artifactKey: Guid(476cc7d7cd9874016adc216baab94a0a) Importer(2089858483,0ecaa5967403d082aa24f35e1b516d23)
Start importing Assets/TutorialInfo/Scripts/Editor/ReadmeEditor.cs using Guid(476cc7d7cd9874016adc216baab94a0a) Importer(2089858483,0ecaa5967403d082aa24f35e1b516d23) Generated GUIDs only implemented for interfaces!
 -> (artifact id: '6f577b9dda05c1803c3c359b0980a4d0') in 0.003110 seconds
Number of updated asset objects reloaded before import = 0
Number of asset objects unloaded after import = 1
========================================================================
Received Import Request.
  Time since last request: 0.000026 seconds.
  path: Assets/_Assets/PrefabsVisuals/CountersVisuals/DeliveryCounter_Visual.prefab
  artifactKey: Guid(be1e77e8d4e81bf4292e5b46dc090583) Importer(2089858483,0ecaa5967403d082aa24f35e1b516d23)
Start importing Assets/_Assets/PrefabsVisuals/CountersVisuals/DeliveryCounter_Visual.prefab using Guid(be1e77e8d4e81bf4292e5b46dc090583) Importer(2089858483,0ecaa5967403d082aa24f35e1b516d23) Generated GUIDs only implemented for interfaces!
 -> (artifact id: '2273cfda639e399b523ed22d29fe914c') in 0.003609 seconds
Number of updated asset objects reloaded before import = 0
Number of asset objects unloaded after import = 9
========================================================================
Received Import Request.
  Time since last request: 0.000018 seconds.
  path: Assets/_Assets/Meshes/Cabbage.mat
  artifactKey: Guid(f46454cbed06c8e4f8a0203bb4cd40ee) Importer(2089858483,0ecaa5967403d082aa24f35e1b516d23)
Start importing Assets/_Assets/Meshes/Cabbage.mat using Guid(f46454cbed06c8e4f8a0203bb4cd40ee) Importer(2089858483,0ecaa5967403d082aa24f35e1b516d23) Generated GUIDs only implemented for interfaces!
 -> (artifact id: '619b31a4d9f8c1db29047e43f1230b9f') in 0.009028 seconds
Number of updated asset objects reloaded before import = 0
Number of asset objects unloaded after import = 3
========================================================================
Received Import Request.
  Time since last request: 0.000016 seconds.
  path: Assets/_Assets/Animations/CuttingCounter.controller
  artifactKey: Guid(d87dfd3351d974345a720c6f6cefbd37) Importer(2089858483,0ecaa5967403d082aa24f35e1b516d23)
Start importing Assets/_Assets/Animations/CuttingCounter.controller using Guid(d87dfd3351d974345a720c6f6cefbd37) Importer(2089858483,0ecaa5967403d082aa24f35e1b516d23) Generated GUIDs only implemented for interfaces!
 -> (artifact id: 'eba629febc41d879e1b6f00e6fbb71ce') in 0.015261 seconds
Number of updated asset objects reloaded before import = 0
Number of asset objects unloaded after import = 8
========================================================================
Received Import Request.
  Time since last request: 0.000014 seconds.
  path: Assets/_Assets/Meshes/Counter_solid.fbx
  artifactKey: Guid(1ba85bfeead668d408d59b5a3f9fb434) Importer(2089858483,0ecaa5967403d082aa24f35e1b516d23)
Start importing Assets/_Assets/Meshes/Counter_solid.fbx using Guid(1ba85bfeead668d408d59b5a3f9fb434) Importer(2089858483,0ecaa5967403d082aa24f35e1b516d23) Generated GUIDs only implemented for interfaces!
 -> (artifact id: '43977e364b7fc4c81e8b5212ea854f3f') in 0.020665 seconds
Number of updated asset objects reloaded before import = 0
Number of asset objects unloaded after import = 10
========================================================================
Received Import Request.
  Time since last request: 0.000015 seconds.
  path: Assets/_Assets/Meshes/Kitchen Counter_Blue.mat
  artifactKey: Guid(ddeee0face48cd346be478cda5ba7071) Importer(2089858483,0ecaa5967403d082aa24f35e1b516d23)
Start importing Assets/_Assets/Meshes/Kitchen Counter_Blue.mat using Guid(ddeee0face48cd346be478cda5ba7071) Importer(2089858483,0ecaa5967403d082aa24f35e1b516d23) Generated GUIDs only implemented for interfaces!
 -> (artifact id: '065e50b8ce213c30d17d9aef1d08166d') in 0.009700 seconds
Number of updated asset objects reloaded before import = 0
Number of asset objects unloaded after import = 3
========================================================================
Received Import Request.
  Time since last request: 0.000016 seconds.
  path: Assets/_Assets/PrefabsVisuals/KitchenObjectsVisuals/MeatPattyUncooked_Visual.prefab
  artifactKey: Guid(21b2fcdae015b8c4c83ff4b68b31b06f) Importer(2089858483,0ecaa5967403d082aa24f35e1b516d23)
Start importing Assets/_Assets/PrefabsVisuals/KitchenObjectsVisuals/MeatPattyUncooked_Visual.prefab using Guid(21b2fcdae015b8c4c83ff4b68b31b06f) Importer(2089858483,0ecaa5967403d082aa24f35e1b516d23) Generated GUIDs only implemented for interfaces!
 -> (artifact id: '04a0b75b2eded62a189d64f2c772c083') in 0.003550 seconds
Number of updated asset objects reloaded before import = 0
Number of asset objects unloaded after import = 9
========================================================================
Received Import Request.
  Time since last request: 0.000016 seconds.
  path: Assets/_Assets/Meshes/Textures/Trash bin_AlbedoTransparency.png
  artifactKey: Guid(fda69cb5afbf51f449a4b1692fbb2535) Importer(2089858483,0ecaa5967403d082aa24f35e1b516d23)
Start importing Assets/_Assets/Meshes/Textures/Trash bin_AlbedoTransparency.png using Guid(fda69cb5afbf51f449a4b1692fbb2535) Importer(2089858483,0ecaa5967403d082aa24f35e1b516d23) Generated GUIDs only implemented for interfaces!
 -> (artifact id: 'ecf10ac1bcf61744d400df436da4635c') in 0.015788 seconds
Number of updated asset objects reloaded before import = 0
Number of asset objects unloaded after import = 1
========================================================================
Received Import Request.
  Time since last request: 0.000017 seconds.
  path: Assets/_Assets/Sounds/SFX/SFX_chop03.wav
  artifactKey: Guid(99c666127ba3b974c99980d14efcf03c) Importer(2089858483,0ecaa5967403d082aa24f35e1b516d23)
Start importing Assets/_Assets/Sounds/SFX/SFX_chop03.wav using Guid(99c666127ba3b974c99980d14efcf03c) Importer(2089858483,0ecaa5967403d082aa24f35e1b516d23) Generated GUIDs only implemented for interfaces!
 -> (artifact id: '455b97076f4b41f64434d312e50bdf3c') in 0.070060 seconds
Number of updated asset objects reloaded before import = 0
Number of asset objects unloaded after import = 1
========================================================================
Received Import Request.
  Time since last request: 0.000017 seconds.
  path: Assets/_Assets/Textures/Icons/CabbageSlices.png
  artifactKey: Guid(bee24f07c57157e45a946eed3bfe8b84) Importer(2089858483,0ecaa5967403d082aa24f35e1b516d23)
Start importing Assets/_Assets/Textures/Icons/CabbageSlices.png using Guid(bee24f07c57157e45a946eed3bfe8b84) Importer(2089858483,0ecaa5967403d082aa24f35e1b516d23) Generated GUIDs only implemented for interfaces!
 -> (artifact id: '32affe07d5cd604ce01bd10ed455c24e') in 0.016760 seconds
Number of updated asset objects reloaded before import = 0
Number of asset objects unloaded after import = 3
========================================================================
Received Import Request.
  Time since last request: 0.000028 seconds.
  path: Assets/_Assets/Materials/CounterSelected.mat
  artifactKey: Guid(1a0afd856a35421469b28b916116fd9c) Importer(2089858483,0ecaa5967403d082aa24f35e1b516d23)
Start importing Assets/_Assets/Materials/CounterSelected.mat using Guid(1a0afd856a35421469b28b916116fd9c) Importer(2089858483,0ecaa5967403d082aa24f35e1b516d23) Generated GUIDs only implemented for interfaces!
 -> (artifact id: '489f7d08ac0dcf3ee67a08d6a01f093b') in 0.005536 seconds
Number of updated asset objects reloaded before import = 0
Number of asset objects unloaded after import = 1
========================================================================
Received Import Request.
  Time since last request: 0.000016 seconds.
  path: Assets/_Assets/Materials/PlayerMovingParticles.mat
  artifactKey: Guid(47962f70fa46e4b43b546811822ffcdc) Importer(2089858483,0ecaa5967403d082aa24f35e1b516d23)
Start importing Assets/_Assets/Materials/PlayerMovingParticles.mat using Guid(47962f70fa46e4b43b546811822ffcdc) Importer(2089858483,0ecaa5967403d082aa24f35e1b516d23) Generated GUIDs only implemented for interfaces!
 -> (artifact id: '0fce2eab7269999f05240dbc4076e283') in 0.004527 seconds
Number of updated asset objects reloaded before import = 0
Number of asset objects unloaded after import = 1
========================================================================
Received Import Request.
  Time since last request: 0.000013 seconds.
  path: Assets/_Assets/Meshes/Textures/Plate_MetallicSmoothness.png
  artifactKey: Guid(e160d0b3041886545b48b048b01c9f60) Importer(2089858483,0ecaa5967403d082aa24f35e1b516d23)
Start importing Assets/_Assets/Meshes/Textures/Plate_MetallicSmoothness.png using Guid(e160d0b3041886545b48b048b01c9f60) Importer(2089858483,0ecaa5967403d082aa24f35e1b516d23) Generated GUIDs only implemented for interfaces!
 -> (artifact id: '80fc73dea0df5dfb5ba1a833bda444ae') in 0.023575 seconds
Number of updated asset objects reloaded before import = 0
Number of asset objects unloaded after import = 1
